<?xml version="1.0" encoding="UTF-8"?>
<!-- Generated by org.testng.reporters.JUnitReportReporter -->
<testsuite hostname="CPX-A9PR29BJFIU" name="runners.testRunner2" tests="1" failures="0" timestamp="25 Jun 2018 16:26:49 GMT" time="22.518" errors="0">
  <testcase name="feature" time="22.518" classname="runners.testRunner2"/>
</testsuite> <!-- runners.testRunner2 -->
