<?xml version="1.0" encoding="UTF-8"?>
<!-- Generated by org.testng.reporters.JUnitReportReporter -->
<testsuite hostname="CPX-A9PR29BJFIU" name="runners.testRunner3" tests="1" failures="0" timestamp="26 Jun 2018 21:41:44 GMT" time="14.229" errors="0">
  <testcase name="feature" time="14.229" classname="runners.testRunner3"/>
</testsuite> <!-- runners.testRunner3 -->
